<?xml version="1.0" encoding="UTF-8"?>
<!-- Generated by org.testng.reporters.JUnitReportReporter -->
<testsuite hostname="DESKTOP-752OSDS" failures="0" tests="1" name="TestCase_Guru99.com_AddNewCoustomer" time="124.843" errors="0" timestamp="2024-02-24T13:54:51 IST" skipped="0">
  <testcase classname="TestCase_Guru99.com_AddNewCoustomer" name="addNewCoustomer_001" time="124.843"/>
</testsuite> <!-- TestCase_Guru99.com_AddNewCoustomer -->
