<?xml version="1.0" encoding="UTF-8"?>
<!-- Generated by org.testng.reporters.JUnitReportReporter -->
<testsuite hostname="DESKTOP-752OSDS" failures="0" tests="1" name="TestCase_Guru99.com_Guru99_LoginPage" time="13.815" errors="0" timestamp="2024-02-24T00:49:01 IST" skipped="0">
  <testcase classname="TestCase_Guru99.com_Guru99_LoginPage" name="loginTest" time="13.815"/>
</testsuite> <!-- TestCase_Guru99.com_Guru99_LoginPage -->
